Compiling C:\Users\84866\Downloads\Do_an2\Code\doan2 on 24-Dec-23 at 15:19
>>> Warning 225 "C:\Program Files (x86)\PICC\Devices\16f877a.h" Line 74(15,19): Duplicate #define
>>> Warning 225 "C:\Program Files (x86)\PICC\Devices\16f877a.h" Line 75(15,19): Duplicate #define
>>> Warning 225 "C:\Program Files (x86)\PICC\Devices\16f877a.h" Line 76(15,19): Duplicate #define
>>> Warning 225 "C:\Program Files (x86)\PICC\Devices\16f877a.h" Line 77(15,19): Duplicate #define
>>> Warning 225 "C:\Program Files (x86)\PICC\Devices\16f877a.h" Line 78(15,19): Duplicate #define
>>> Warning 225 "C:\Program Files (x86)\PICC\Devices\16f877a.h" Line 79(15,19): Duplicate #define
>>> Warning 225 "C:\Program Files (x86)\PICC\Devices\16f877a.h" Line 81(15,19): Duplicate #define
>>> Warning 225 "C:\Program Files (x86)\PICC\Devices\16f877a.h" Line 82(15,19): Duplicate #define
>>> Warning 225 "C:\Program Files (x86)\PICC\Devices\16f877a.h" Line 83(15,19): Duplicate #define
>>> Warning 225 "C:\Program Files (x86)\PICC\Devices\16f877a.h" Line 84(15,19): Duplicate #define
>>> Warning 225 "C:\Program Files (x86)\PICC\Devices\16f877a.h" Line 85(15,19): Duplicate #define
>>> Warning 225 "C:\Program Files (x86)\PICC\Devices\16f877a.h" Line 86(15,19): Duplicate #define
>>> Warning 225 "C:\Program Files (x86)\PICC\Devices\16f877a.h" Line 87(15,19): Duplicate #define
>>> Warning 225 "C:\Program Files (x86)\PICC\Devices\16f877a.h" Line 88(15,19): Duplicate #define
>>> Warning 225 "C:\Program Files (x86)\PICC\Devices\16f877a.h" Line 90(15,19): Duplicate #define
>>> Warning 225 "C:\Program Files (x86)\PICC\Devices\16f877a.h" Line 91(15,19): Duplicate #define
>>> Warning 225 "C:\Program Files (x86)\PICC\Devices\16f877a.h" Line 92(15,19): Duplicate #define
>>> Warning 225 "C:\Program Files (x86)\PICC\Devices\16f877a.h" Line 93(15,19): Duplicate #define
>>> Warning 225 "C:\Program Files (x86)\PICC\Devices\16f877a.h" Line 94(15,19): Duplicate #define
>>> Warning 225 "C:\Program Files (x86)\PICC\Devices\16f877a.h" Line 95(15,19): Duplicate #define
>>> Warning 225 "C:\Program Files (x86)\PICC\Devices\16f877a.h" Line 96(15,19): Duplicate #define
>>> Warning 225 "C:\Program Files (x86)\PICC\Devices\16f877a.h" Line 97(15,19): Duplicate #define
>>> Warning 225 "C:\Program Files (x86)\PICC\Devices\16f877a.h" Line 99(15,19): Duplicate #define
>>> Warning 225 "C:\Program Files (x86)\PICC\Devices\16f877a.h" Line 100(15,19): Duplicate #define
>>> Warning 225 "C:\Program Files (x86)\PICC\Devices\16f877a.h" Line 101(15,19): Duplicate #define
>>> Warning 225 "C:\Program Files (x86)\PICC\Devices\16f877a.h" Line 102(15,19): Duplicate #define
>>> Warning 225 "C:\Program Files (x86)\PICC\Devices\16f877a.h" Line 103(15,19): Duplicate #define
>>> Warning 225 "C:\Program Files (x86)\PICC\Devices\16f877a.h" Line 104(15,19): Duplicate #define
>>> Warning 225 "C:\Program Files (x86)\PICC\Devices\16f877a.h" Line 105(15,19): Duplicate #define
>>> Warning 225 "C:\Program Files (x86)\PICC\Devices\16f877a.h" Line 106(15,19): Duplicate #define
>>> Warning 225 "C:\Program Files (x86)\PICC\Devices\16f877a.h" Line 108(15,19): Duplicate #define
>>> Warning 225 "C:\Program Files (x86)\PICC\Devices\16f877a.h" Line 109(15,19): Duplicate #define
>>> Warning 225 "C:\Program Files (x86)\PICC\Devices\16f877a.h" Line 110(15,19): Duplicate #define
>>> Warning 225 "C:\Program Files (x86)\PICC\Devices\16f877a.h" Line 113(14,16): Duplicate #define
>>> Warning 225 "C:\Program Files (x86)\PICC\Devices\16f877a.h" Line 114(13,15): Duplicate #define
>>> Warning 225 "C:\Program Files (x86)\PICC\Devices\16f877a.h" Line 116(13,18): Duplicate #define
>>> Warning 225 "C:\Program Files (x86)\PICC\Devices\16f877a.h" Line 117(16,21): Duplicate #define
>>> Warning 225 "C:\Program Files (x86)\PICC\Devices\16f877a.h" Line 119(13,19): Duplicate #define
>>> Warning 225 "C:\Program Files (x86)\PICC\Devices\16f877a.h" Line 120(14,20): Duplicate #define
>>> Warning 225 "C:\Program Files (x86)\PICC\Devices\16f877a.h" Line 121(16,22): Duplicate #define
>>> Warning 225 "C:\Program Files (x86)\PICC\Devices\16f877a.h" Line 122(13,21): Duplicate #define
>>> Warning 225 "C:\Program Files (x86)\PICC\Devices\16f877a.h" Line 123(14,22): Duplicate #define
>>> Warning 225 "C:\Program Files (x86)\PICC\Devices\16f877a.h" Line 124(14,19): Duplicate #define
>>> Warning 225 "C:\Program Files (x86)\PICC\Devices\16f877a.h" Line 125(14,19): Duplicate #define
>>> Warning 225 "C:\Program Files (x86)\PICC\Devices\16f877a.h" Line 134(23,32): Duplicate #define
>>> Warning 225 "C:\Program Files (x86)\PICC\Devices\16f877a.h" Line 135(20,32): Duplicate #define
>>> Warning 225 "C:\Program Files (x86)\PICC\Devices\16f877a.h" Line 136(24,32): Duplicate #define
>>> Warning 225 "C:\Program Files (x86)\PICC\Devices\16f877a.h" Line 137(22,32): Duplicate #define
>>> Warning 225 "C:\Program Files (x86)\PICC\Devices\16f877a.h" Line 138(24,32): Duplicate #define
>>> Warning 225 "C:\Program Files (x86)\PICC\Devices\16f877a.h" Line 139(25,32): Duplicate #define
>>> Warning 225 "C:\Program Files (x86)\PICC\Devices\16f877a.h" Line 153(20,27): Duplicate #define
>>> Warning 225 "C:\Program Files (x86)\PICC\Devices\16f877a.h" Line 154(22,25): Duplicate #define
>>> Warning 225 "C:\Program Files (x86)\PICC\Devices\16f877a.h" Line 155(22,25): Duplicate #define
>>> Warning 225 "C:\Program Files (x86)\PICC\Devices\16f877a.h" Line 157(17,24): Duplicate #define
>>> Warning 225 "C:\Program Files (x86)\PICC\Devices\16f877a.h" Line 158(17,24): Duplicate #define
>>> Warning 225 "C:\Program Files (x86)\PICC\Devices\16f877a.h" Line 159(17,24): Duplicate #define
>>> Warning 225 "C:\Program Files (x86)\PICC\Devices\16f877a.h" Line 160(17,24): Duplicate #define
>>> Warning 225 "C:\Program Files (x86)\PICC\Devices\16f877a.h" Line 161(18,24): Duplicate #define
>>> Warning 225 "C:\Program Files (x86)\PICC\Devices\16f877a.h" Line 162(18,24): Duplicate #define
>>> Warning 225 "C:\Program Files (x86)\PICC\Devices\16f877a.h" Line 163(18,24): Duplicate #define
>>> Warning 225 "C:\Program Files (x86)\PICC\Devices\16f877a.h" Line 164(19,24): Duplicate #define
>>> Warning 225 "C:\Program Files (x86)\PICC\Devices\16f877a.h" Line 165(19,24): Duplicate #define
>>> Warning 225 "C:\Program Files (x86)\PICC\Devices\16f877a.h" Line 168(17,29): Duplicate #define
>>> Warning 225 "C:\Program Files (x86)\PICC\Devices\16f877a.h" Line 172(22,28): Duplicate #define
>>> Warning 225 "C:\Program Files (x86)\PICC\Devices\16f877a.h" Line 173(24,32): Duplicate #define
>>> Warning 225 "C:\Program Files (x86)\PICC\Devices\16f877a.h" Line 174(24,27): Duplicate #define
>>> Warning 225 "C:\Program Files (x86)\PICC\Devices\16f877a.h" Line 175(19,26): Duplicate #define
>>> Warning 225 "C:\Program Files (x86)\PICC\Devices\16f877a.h" Line 176(19,26): Duplicate #define
>>> Warning 225 "C:\Program Files (x86)\PICC\Devices\16f877a.h" Line 177(19,26): Duplicate #define
>>> Warning 225 "C:\Program Files (x86)\PICC\Devices\16f877a.h" Line 178(19,26): Duplicate #define
>>> Warning 225 "C:\Program Files (x86)\PICC\Devices\16f877a.h" Line 179(20,26): Duplicate #define
>>> Warning 225 "C:\Program Files (x86)\PICC\Devices\16f877a.h" Line 180(20,26): Duplicate #define
>>> Warning 225 "C:\Program Files (x86)\PICC\Devices\16f877a.h" Line 181(20,26): Duplicate #define
>>> Warning 225 "C:\Program Files (x86)\PICC\Devices\16f877a.h" Line 182(21,26): Duplicate #define
>>> Warning 225 "C:\Program Files (x86)\PICC\Devices\16f877a.h" Line 183(21,26): Duplicate #define
>>> Warning 225 "C:\Program Files (x86)\PICC\Devices\16f877a.h" Line 184(19,31): Duplicate #define
>>> Warning 225 "C:\Program Files (x86)\PICC\Devices\16f877a.h" Line 199(17,29): Duplicate #define
>>> Warning 225 "C:\Program Files (x86)\PICC\Devices\16f877a.h" Line 200(17,29): Duplicate #define
>>> Warning 225 "C:\Program Files (x86)\PICC\Devices\16f877a.h" Line 201(17,29): Duplicate #define
>>> Warning 225 "C:\Program Files (x86)\PICC\Devices\16f877a.h" Line 202(18,29): Duplicate #define
>>> Warning 225 "C:\Program Files (x86)\PICC\Devices\16f877a.h" Line 203(18,29): Duplicate #define
>>> Warning 225 "C:\Program Files (x86)\PICC\Devices\16f877a.h" Line 204(18,29): Duplicate #define
>>> Warning 225 "C:\Program Files (x86)\PICC\Devices\16f877a.h" Line 205(19,29): Duplicate #define
>>> Warning 225 "C:\Program Files (x86)\PICC\Devices\16f877a.h" Line 206(19,29): Duplicate #define
>>> Warning 225 "C:\Program Files (x86)\PICC\Devices\16f877a.h" Line 217(20,30): Duplicate #define
>>> Warning 225 "C:\Program Files (x86)\PICC\Devices\16f877a.h" Line 218(20,33): Duplicate #define
>>> Warning 225 "C:\Program Files (x86)\PICC\Devices\16f877a.h" Line 219(20,33): Duplicate #define
>>> Warning 225 "C:\Program Files (x86)\PICC\Devices\16f877a.h" Line 220(25,33): Duplicate #define
>>> Warning 225 "C:\Program Files (x86)\PICC\Devices\16f877a.h" Line 222(19,30): Duplicate #define
>>> Warning 225 "C:\Program Files (x86)\PICC\Devices\16f877a.h" Line 224(20,30): Duplicate #define
>>> Warning 225 "C:\Program Files (x86)\PICC\Devices\16f877a.h" Line 225(20,33): Duplicate #define
>>> Warning 225 "C:\Program Files (x86)\PICC\Devices\16f877a.h" Line 226(20,33): Duplicate #define
>>> Warning 225 "C:\Program Files (x86)\PICC\Devices\16f877a.h" Line 227(20,33): Duplicate #define
>>> Warning 225 "C:\Program Files (x86)\PICC\Devices\16f877a.h" Line 236(20,30): Duplicate #define
>>> Warning 225 "C:\Program Files (x86)\PICC\Devices\16f877a.h" Line 237(20,30): Duplicate #define
>>> Warning 225 "C:\Program Files (x86)\PICC\Devices\16f877a.h" Line 238(20,30): Duplicate #define
>>> Warning 225 "C:\Program Files (x86)\PICC\Devices\16f877a.h" Line 239(21,31): Duplicate #define
>>> Warning 225 "C:\Program Files (x86)\PICC\Devices\16f877a.h" Line 250(16,43): Duplicate #define
>>> Warning 225 "C:\Program Files (x86)\PICC\Devices\16f877a.h" Line 251(23,46): Duplicate #define
>>> Warning 225 "C:\Program Files (x86)\PICC\Devices\16f877a.h" Line 252(23,46): Duplicate #define
>>> Warning 225 "C:\Program Files (x86)\PICC\Devices\16f877a.h" Line 253(26,46): Duplicate #define
>>> Warning 225 "C:\Program Files (x86)\PICC\Devices\16f877a.h" Line 254(27,46): Duplicate #define
>>> Warning 225 "C:\Program Files (x86)\PICC\Devices\16f877a.h" Line 255(33,46): Duplicate #define
>>> Warning 225 "C:\Program Files (x86)\PICC\Devices\16f877a.h" Line 256(33,46): Duplicate #define
>>> Warning 225 "C:\Program Files (x86)\PICC\Devices\16f877a.h" Line 257(24,61): Duplicate #define
>>> Warning 225 "C:\Program Files (x86)\PICC\Devices\16f877a.h" Line 258(32,60): Duplicate #define
>>> Warning 225 "C:\Program Files (x86)\PICC\Devices\16f877a.h" Line 259(16,50): Duplicate #define
>>> Warning 225 "C:\Program Files (x86)\PICC\Devices\16f877a.h" Line 260(23,61): Duplicate #define
>>> Warning 225 "C:\Program Files (x86)\PICC\Devices\16f877a.h" Line 261(23,61): Duplicate #define
>>> Warning 225 "C:\Program Files (x86)\PICC\Devices\16f877a.h" Line 262(23,61): Duplicate #define
>>> Warning 238 "C:\Program Files (x86)\PICC\Devices\16f877a.h" Line 265(2,6): Duplicate #locate
>>> Warning 238 "C:\Program Files (x86)\PICC\Devices\16f877a.h" Line 266(2,6): Duplicate #locate
>>> Warning 238 "C:\Program Files (x86)\PICC\Devices\16f877a.h" Line 266(61,63): Duplicate #locate
>>> Warning 238 "C:\Program Files (x86)\PICC\Devices\16f877a.h" Line 274(2,6): Duplicate #locate
>>> Warning 238 "C:\Program Files (x86)\PICC\Devices\16f877a.h" Line 275(2,6): Duplicate #locate
>>> Warning 238 "C:\Program Files (x86)\PICC\Devices\16f877a.h" Line 275(61,63): Duplicate #locate
>>> Warning 225 "C:\Program Files (x86)\PICC\Devices\16f877a.h" Line 287(20,28): Duplicate #define
>>> Warning 225 "C:\Program Files (x86)\PICC\Devices\16f877a.h" Line 288(21,25): Duplicate #define
>>> Warning 238 "C:\Program Files (x86)\PICC\Devices\16f877a.h" Line 290(19,20): Duplicate #locate
>>> Warning 225 "C:\Program Files (x86)\PICC\Devices\16f877a.h" Line 302(21,39): Duplicate #define
>>> Warning 225 "C:\Program Files (x86)\PICC\Devices\16f877a.h" Line 303(19,39): Duplicate #define
>>> Warning 225 "C:\Program Files (x86)\PICC\Devices\16f877a.h" Line 304(18,39): Duplicate #define
>>> Warning 225 "C:\Program Files (x86)\PICC\Devices\16f877a.h" Line 305(26,39): Duplicate #define
>>> Warning 225 "C:\Program Files (x86)\PICC\Devices\16f877a.h" Line 306(25,39): Duplicate #define
>>> Warning 225 "C:\Program Files (x86)\PICC\Devices\16f877a.h" Line 307(22,39): Duplicate #define
>>> Warning 225 "C:\Program Files (x86)\PICC\Devices\16f877a.h" Line 308(23,39): Duplicate #define
>>> Warning 225 "C:\Program Files (x86)\PICC\Devices\16f877a.h" Line 309(23,39): Duplicate #define
>>> Warning 225 "C:\Program Files (x86)\PICC\Devices\16f877a.h" Line 310(19,39): Duplicate #define
>>> Warning 225 "C:\Program Files (x86)\PICC\Devices\16f877a.h" Line 311(24,39): Duplicate #define
>>> Warning 225 "C:\Program Files (x86)\PICC\Devices\16f877a.h" Line 313(24,40): Duplicate #define
>>> Warning 225 "C:\Program Files (x86)\PICC\Devices\16f877a.h" Line 314(24,40): Duplicate #define
>>> Warning 225 "C:\Program Files (x86)\PICC\Devices\16f877a.h" Line 316(29,40): Duplicate #define
>>> Warning 225 "C:\Program Files (x86)\PICC\Devices\16f877a.h" Line 317(26,40): Duplicate #define
>>> Warning 225 "C:\Program Files (x86)\PICC\Devices\16f877a.h" Line 320(19,42): Duplicate #define
>>> Warning 225 "C:\Program Files (x86)\PICC\Devices\16f877a.h" Line 321(19,43): Duplicate #define
>>> Warning 225 "C:\Program Files (x86)\PICC\Devices\16f877a.h" Line 334(21,33): Duplicate #define
>>> Warning 225 "C:\Program Files (x86)\PICC\Devices\16f877a.h" Line 335(18,33): Duplicate #define
>>> Warning 225 "C:\Program Files (x86)\PICC\Devices\16f877a.h" Line 341(20,29): Duplicate #define
>>> Warning 225 "C:\Program Files (x86)\PICC\Devices\16f877a.h" Line 342(33,42): Duplicate #define
>>> Warning 225 "C:\Program Files (x86)\PICC\Devices\16f877a.h" Line 343(33,42): Duplicate #define
>>> Warning 225 "C:\Program Files (x86)\PICC\Devices\16f877a.h" Line 344(20,29): Duplicate #define
>>> Warning 225 "C:\Program Files (x86)\PICC\Devices\16f877a.h" Line 345(20,29): Duplicate #define
>>> Warning 225 "C:\Program Files (x86)\PICC\Devices\16f877a.h" Line 346(30,39): Duplicate #define
>>> Warning 225 "C:\Program Files (x86)\PICC\Devices\16f877a.h" Line 347(20,28): Duplicate #define
>>> Warning 225 "C:\Program Files (x86)\PICC\Devices\16f877a.h" Line 348(20,28): Duplicate #define
>>> Warning 225 "C:\Program Files (x86)\PICC\Devices\16f877a.h" Line 349(19,30): Duplicate #define
>>> Warning 225 "C:\Program Files (x86)\PICC\Devices\16f877a.h" Line 350(19,30): Duplicate #define
>>> Warning 238 "C:\Program Files (x86)\PICC\Devices\16f877a.h" Line 353(2,5): Duplicate #locate
>>> Warning 238 "C:\Program Files (x86)\PICC\Devices\16f877a.h" Line 353(18,20): Duplicate #locate
>>> Warning 225 "C:\Program Files (x86)\PICC\Devices\16f877a.h" Line 359(17,23): Duplicate #define
>>> Warning 225 "C:\Program Files (x86)\PICC\Devices\16f877a.h" Line 360(18,23): Duplicate #define
>>> Warning 225 "C:\Program Files (x86)\PICC\Devices\16f877a.h" Line 362(16,23): Duplicate #define
>>> Warning 225 "C:\Program Files (x86)\PICC\Devices\16f877a.h" Line 377(16,58): Duplicate #define
>>> Warning 225 "C:\Program Files (x86)\PICC\Devices\16f877a.h" Line 378(24,34): Duplicate #define
>>> Warning 225 "C:\Program Files (x86)\PICC\Devices\16f877a.h" Line 379(24,34): Duplicate #define
>>> Warning 225 "C:\Program Files (x86)\PICC\Devices\16f877a.h" Line 380(24,34): Duplicate #define
>>> Warning 225 "C:\Program Files (x86)\PICC\Devices\16f877a.h" Line 381(25,34): Duplicate #define
>>> Warning 225 "C:\Program Files (x86)\PICC\Devices\16f877a.h" Line 382(25,34): Duplicate #define
>>> Warning 225 "C:\Program Files (x86)\PICC\Devices\16f877a.h" Line 383(25,34): Duplicate #define
>>> Warning 225 "C:\Program Files (x86)\PICC\Devices\16f877a.h" Line 384(27,65): Duplicate #define
>>> Warning 225 "C:\Program Files (x86)\PICC\Devices\16f877a.h" Line 391(19,58): Duplicate #define
>>> Warning 225 "C:\Program Files (x86)\PICC\Devices\16f877a.h" Line 392(19,78): Duplicate #define
>>> Warning 225 "C:\Program Files (x86)\PICC\Devices\16f877a.h" Line 393(45,88): Duplicate #define
>>> Warning 225 "C:\Program Files (x86)\PICC\Devices\16f877a.h" Line 394(28,78): Duplicate #define
>>> Warning 225 "C:\Program Files (x86)\PICC\Devices\16f877a.h" Line 395(33,88): Duplicate #define
>>> Warning 225 "C:\Program Files (x86)\PICC\Devices\16f877a.h" Line 396(20,62): Duplicate #define
>>> Warning 225 "C:\Program Files (x86)\PICC\Devices\16f877a.h" Line 397(25,68): Duplicate #define
>>> Warning 225 "C:\Program Files (x86)\PICC\Devices\16f877a.h" Line 398(42,94): Duplicate #define
>>> Warning 225 "C:\Program Files (x86)\PICC\Devices\16f877a.h" Line 399(32,79): Duplicate #define
>>> Warning 225 "C:\Program Files (x86)\PICC\Devices\16f877a.h" Line 400(37,88): Duplicate #define
>>> Warning 225 "C:\Program Files (x86)\PICC\Devices\16f877a.h" Line 401(34,94): Duplicate #define
>>> Warning 225 "C:\Program Files (x86)\PICC\Devices\16f877a.h" Line 402(30,94): Duplicate #define
>>> Warning 225 "C:\Program Files (x86)\PICC\Devices\16f877a.h" Line 403(26,77): Duplicate #define
>>> Warning 225 "C:\Program Files (x86)\PICC\Devices\16f877a.h" Line 404(12,56): Duplicate #define
>>> Warning 225 "C:\Program Files (x86)\PICC\Devices\16f877a.h" Line 405(22,74): Duplicate #define
>>> Warning 225 "C:\Program Files (x86)\PICC\Devices\16f877a.h" Line 406(23,89): Duplicate #define
>>> Warning 225 "C:\Program Files (x86)\PICC\Devices\16f877a.h" Line 407(17,91): Duplicate #define
>>> Warning 225 "C:\Program Files (x86)\PICC\Devices\16f877a.h" Line 408(25,91): Duplicate #define
>>> Warning 225 "C:\Program Files (x86)\PICC\Devices\16f877a.h" Line 409(27,89): Duplicate #define
>>> Warning 225 "C:\Program Files (x86)\PICC\Devices\16f877a.h" Line 410(31,89): Duplicate #define
>>> Warning 225 "C:\Program Files (x86)\PICC\Devices\16f877a.h" Line 411(27,89): Duplicate #define
>>> Warning 225 "C:\Program Files (x86)\PICC\Devices\16f877a.h" Line 412(27,91): Duplicate #define
>>> Warning 225 "C:\Program Files (x86)\PICC\Devices\16f877a.h" Line 413(35,91): Duplicate #define
>>> Warning 225 "C:\Program Files (x86)\PICC\Devices\16f877a.h" Line 414(39,91): Duplicate #define
>>> Warning 225 "C:\Program Files (x86)\PICC\Devices\16f877a.h" Line 415(29,91): Duplicate #define
>>> Warning 225 "C:\Program Files (x86)\PICC\Devices\16f877a.h" Line 416(35,89): Duplicate #define
>>> Warning 225 "C:\Program Files (x86)\PICC\Devices\16f877a.h" Line 417(19,89): Duplicate #define
>>> Warning 225 "C:\Program Files (x86)\PICC\Devices\16f877a.h" Line 418(31,89): Duplicate #define
>>> Warning 225 "C:\Program Files (x86)\PICC\Devices\16f877a.h" Line 421(27,82): Duplicate #define
>>> Warning 225 "C:\Program Files (x86)\PICC\Devices\16f877a.h" Line 422(23,33): Duplicate #define
>>> Warning 225 "C:\Program Files (x86)\PICC\Devices\16f877a.h" Line 423(22,33): Duplicate #define
>>> Warning 225 "C:\Program Files (x86)\PICC\Devices\16f877a.h" Line 683(15,35): Duplicate #define
>>> Warning 225 "C:\Program Files (x86)\PICC\Devices\16f877a.h" Line 684(15,35): Duplicate #define
>>> Warning 225 "C:\Program Files (x86)\PICC\Devices\16f877a.h" Line 686(15,41): Duplicate #define
>>> Warning 225 "C:\Program Files (x86)\PICC\Devices\16f877a.h" Line 687(15,41): Duplicate #define
>>> Warning 225 "C:\Program Files (x86)\PICC\Devices\16f877a.h" Line 688(17,43): Duplicate #define
>>> Warning 225 "C:\Program Files (x86)\PICC\Devices\16f877a.h" Line 689(15,45): Duplicate #define
>>> Warning 225 "C:\Program Files (x86)\PICC\Devices\16f877a.h" Line 690(20,45): Duplicate #define
>>> Warning 225 "C:\Program Files (x86)\PICC\Devices\16f877a.h" Line 691(20,45): Duplicate #define
>>> Warning 225 "C:\Program Files (x86)\PICC\Devices\16f877a.h" Line 692(16,43): Duplicate #define
>>> Warning 225 "C:\Program Files (x86)\PICC\Devices\16f877a.h" Line 693(15,43): Duplicate #define
>>> Warning 225 "C:\Program Files (x86)\PICC\Devices\16f877a.h" Line 694(16,43): Duplicate #define
>>> Warning 225 "C:\Program Files (x86)\PICC\Devices\16f877a.h" Line 695(16,43): Duplicate #define
>>> Warning 225 "C:\Program Files (x86)\PICC\Devices\16f877a.h" Line 696(19,43): Duplicate #define
>>> Warning 225 "C:\Program Files (x86)\PICC\Devices\16f877a.h" Line 697(19,43): Duplicate #define
>>> Warning 225 "C:\Program Files (x86)\PICC\Devices\16f877a.h" Line 698(17,43): Duplicate #define
>>> Warning 225 "C:\Program Files (x86)\PICC\Devices\16f877a.h" Line 699(17,43): Duplicate #define
>>> Warning 225 "C:\Program Files (x86)\PICC\Devices\16f877a.h" Line 700(16,43): Duplicate #define
>>> Warning 225 "C:\Program Files (x86)\PICC\Devices\16f877a.h" Line 701(16,43): Duplicate #define
>>> Warning 225 "C:\Program Files (x86)\PICC\Devices\16f877a.h" Line 702(19,43): Duplicate #define
>>> Warning 225 "C:\Program Files (x86)\PICC\Devices\16f877a.h" Line 703(19,43): Duplicate #define
>>> Warning 225 "C:\Program Files (x86)\PICC\Devices\16f877a.h" Line 704(19,43): Duplicate #define
>>> Warning 225 "C:\Program Files (x86)\PICC\Devices\16f877a.h" Line 705(17,43): Duplicate #define
      Memory usage:   ROM=13%      RAM=9% - 13%
      0 Errors,  213 Warnings.
Build Successful.
